This is pdfTeX, Version 3.14159265-2.6-1.40.20 (TeX Live 2019) (preloaded format=pdflatex 2020.2.13)  4 SEP 2020 23:31
entering extended mode
 restricted \write18 enabled.
 %&-line parsing enabled.
**lect01.tex
(./lect01.tex
LaTeX2e <2018-12-01>
! Undefined control sequence.
l.2 \section
            {–õ–µ–∫—Ü–∏—è. –ó–∞–∫–æ–Ω –ö—É–ª–æ–Ω–∞. –ù–∞–ø—Ä—è–∂–µ–Ω–Ω–æ—Å—Ç...
The control sequence at the end of the top line
of your error message was never \def'ed. If you have
misspelled it (e.g., `\hobx'), type `I' and the correct
spelling (e.g., `I\hbox'). Otherwise just continue,
and I'll forget about whatever was undefined.


! Package inputenc Error: Unicode character –õ (U+041B)
(inputenc)                not set up for use with LaTeX.

See the inputenc package documentation for explanation.
Type  H <return>  for immediate help.
 ...                                              
                                                  
l.2 \section{–õ
               –µ–∫—Ü–∏—è. –ó–∞–∫–æ–Ω –ö—É–ª–æ–Ω–∞. –ù–∞–ø—Ä—è–∂–µ–Ω–Ω–æ—Å—Ç...

You may provide a definition with
\DeclareUnicodeCharacter 


! Package inputenc Error: Unicode character –µ (U+0435)
(inputenc)                not set up for use with LaTeX.

See the inputenc package documentation for explanation.
Type  H <return>  for immediate help.
 ...                                              
                                                  
l.2 \section{–õ–µ
                 –∫—Ü–∏—è. –ó–∞–∫–æ–Ω –ö—É–ª–æ–Ω–∞. –ù–∞–ø—Ä—è–∂–µ–Ω–Ω–æ—Å—Ç...

You may provide a definition with
\DeclareUnicodeCharacter 


! Package inputenc Error: Unicode character –∫ (U+043A)
(inputenc)                not set up for use with LaTeX.

See the inputenc package documentation for explanation.
Type  H <return>  for immediate help.
 ...                                              
                                                  
l.2 \section{–õ–µ–∫
                   —Ü–∏—è. –ó–∞–∫–æ–Ω –ö—É–ª–æ–Ω–∞. –ù–∞–ø—Ä—è–∂–µ–Ω–Ω–æ—Å—Ç...

You may provide a definition with
\DeclareUnicodeCharacter 


! Package inputenc Error: Unicode character —Ü (U+0446)
(inputenc)                not set up for use with LaTeX.

See the inputenc package documentation for explanation.
Type  H <return>  for immediate help.
 ...                                              
                                                  
l.2 \section{–õ–µ–∫—Ü
                     –∏—è. –ó–∞–∫–æ–Ω –ö—É–ª–æ–Ω–∞. –ù–∞–ø—Ä—è–∂–µ–Ω–Ω–æ—Å—Ç...

You may provide a definition with
\DeclareUnicodeCharacter 


! Package inputenc Error: Unicode character –∏ (U+0438)
(inputenc)                not set up for use with LaTeX.

See the inputenc package documentation for explanation.
Type  H <return>  for immediate help.
 ...                                              
                                                  
l.2 \section{–õ–µ–∫—Ü–∏
                       —è. –ó–∞–∫–æ–Ω –ö—É–ª–æ–Ω–∞. –ù–∞–ø—Ä—è–∂–µ–Ω–Ω–æ—Å—Ç...

You may provide a definition with
\DeclareUnicodeCharacter 


! Package inputenc Error: Unicode character —è (U+044F)
(inputenc)                not set up for use with LaTeX.

See the inputenc package documentation for explanation.
Type  H <return>  for immediate help.
 ...                                              
                                                  
l.2 \section{–õ–µ–∫—Ü–∏—è
                         . –ó–∞–∫–æ–Ω –ö—É–ª–æ–Ω–∞. –ù–∞–ø—Ä—è–∂–µ–Ω–Ω–æ—Å—Ç...

You may provide a definition with
\DeclareUnicodeCharacter 


! LaTeX Error: Missing \begin{document}.

See the LaTeX manual or LaTeX Companion for explanation.
Type  H <return>  for immediate help.
 ...                                              
                                                  
l.2 \section{–õ–µ–∫—Ü–∏—è.
                           –ó–∞–∫–æ–Ω –ö—É–ª–æ–Ω–∞. –ù–∞–ø—Ä—è–∂–µ–Ω–Ω–æ—Å—Ç...

You're in trouble here.  Try typing  <return>  to proceed.
If that doesn't work, type  X <return>  to quit.

Missing character: There is no . in font nullfont!

! Package inputenc Error: Unicode character –ó (U+0417)
(inputenc)                not set up for use with LaTeX.

See the inputenc package documentation for explanation.
Type  H <return>  for immediate help.
 ...                                              
                                                  
l.2 \section{–õ–µ–∫—Ü–∏—è. –ó
                             –∞–∫–æ–Ω –ö—É–ª–æ–Ω–∞. –ù–∞–ø—Ä—è–∂–µ–Ω–Ω–æ—Å—Ç...

You may provide a definition with
\DeclareUnicodeCharacter 


! Package inputenc Error: Unicode character –∞ (U+0430)
(inputenc)                not set up for use with LaTeX.

See the inputenc package documentation for explanation.
Type  H <return>  for immediate help.
 ...                                              
                                                  
l.2 \section{–õ–µ–∫—Ü–∏—è. –ó–∞
                               –∫–æ–Ω –ö—É–ª–æ–Ω–∞. –ù–∞–ø—Ä—è–∂–µ–Ω–Ω–æ—Å—Ç...

You may provide a definition with
\DeclareUnicodeCharacter 


! Package inputenc Error: Unicode character –∫ (U+043A)
(inputenc)                not set up for use with LaTeX.

See the inputenc package documentation for explanation.
Type  H <return>  for immediate help.
 ...                                              
                                                  
l.2 \section{–õ–µ–∫—Ü–∏—è. –ó–∞–∫
                                 –æ–Ω –ö—É–ª–æ–Ω–∞. –ù–∞–ø—Ä—è–∂–µ–Ω–Ω–æ—Å—Ç...

You may provide a definition with
\DeclareUnicodeCharacter 


! Package inputenc Error: Unicode character –æ (U+043E)
(inputenc)                not set up for use with LaTeX.

See the inputenc package documentation for explanation.
Type  H <return>  for immediate help.
 ...                                              
                                                  
l.2 \section{–õ–µ–∫—Ü–∏—è. –ó–∞–∫–æ
                                   –Ω –ö—É–ª–æ–Ω–∞. –ù–∞–ø—Ä—è–∂–µ–Ω–Ω–æ—Å—Ç...

You may provide a definition with
\DeclareUnicodeCharacter 


! Package inputenc Error: Unicode character –Ω (U+043D)
(inputenc)                not set up for use with LaTeX.

See the inputenc package documentation for explanation.
Type  H <return>  for immediate help.
 ...                                              
                                                  
l.2 \section{–õ–µ–∫—Ü–∏—è. –ó–∞–∫–æ–Ω
                                      –ö—É–ª–æ–Ω–∞. –ù–∞–ø—Ä—è–∂–µ–Ω–Ω–æ—Å—Ç...

You may provide a definition with
\DeclareUnicodeCharacter 


! Package inputenc Error: Unicode character –ö (U+041A)
(inputenc)                not set up for use with LaTeX.

See the inputenc package documentation for explanation.
Type  H <return>  for immediate help.
 ...                                              
                                                  
l.2 \section{–õ–µ–∫—Ü–∏—è. –ó–∞–∫–æ–Ω –ö
                                        —É–ª–æ–Ω–∞. –ù–∞–ø—Ä—è–∂–µ–Ω–Ω–æ—Å—Ç...

You may provide a definition with
\DeclareUnicodeCharacter 


! Package inputenc Error: Unicode character —É (U+0443)
(inputenc)                not set up for use with LaTeX.

See the inputenc package documentation for explanation.
Type  H <return>  for immediate help.
 ...                                              
                                                  
l.2 \section{–õ–µ–∫—Ü–∏—è. –ó–∞–∫–æ–Ω –ö—É
                                          –ª–æ–Ω–∞. –ù–∞–ø—Ä—è–∂–µ–Ω–Ω–æ—Å—Ç...

You may provide a definition with
\DeclareUnicodeCharacter 


! Package inputenc Error: Unicode character –ª (U+043B)
(inputenc)                not set up for use with LaTeX.

See the inputenc package documentation for explanation.
Type  H <return>  for immediate help.
 ...                                              
                                                  
l.2 \section{–õ–µ–∫—Ü–∏—è. –ó–∞–∫–æ–Ω –ö—É–ª
                                            –æ–Ω–∞. –ù–∞–ø—Ä—è–∂–µ–Ω–Ω–æ—Å—Ç...

You may provide a definition with
\DeclareUnicodeCharacter 


! Package inputenc Error: Unicode character –æ (U+043E)
(inputenc)                not set up for use with LaTeX.

See the inputenc package documentation for explanation.
Type  H <return>  for immediate help.
 ...                                              
                                                  
l.2 \section{–õ–µ–∫—Ü–∏—è. –ó–∞–∫–æ–Ω –ö—É–ª–æ
                                              –Ω–∞. –ù–∞–ø—Ä—è–∂–µ–Ω–Ω–æ—Å—Ç...

You may provide a definition with
\DeclareUnicodeCharacter 


! Package inputenc Error: Unicode character –Ω (U+043D)
(inputenc)                not set up for use with LaTeX.

See the inputenc package documentation for explanation.
Type  H <return>  for immediate help.
 ...                                              
                                                  
l.2 \section{–õ–µ–∫—Ü–∏—è. –ó–∞–∫–æ–Ω –ö—É–ª–æ–Ω
                                                –∞. –ù–∞–ø—Ä—è–∂–µ–Ω–Ω–æ—Å—Ç...

You may provide a definition with
\DeclareUnicodeCharacter 


! Package inputenc Error: Unicode character –∞ (U+0430)
(inputenc)                not set up for use with LaTeX.

See the inputenc package documentation for explanation.
Type  H <return>  for immediate help.
 ...                                              
                                                  
l.2 \section{–õ–µ–∫—Ü–∏—è. –ó–∞–∫–æ–Ω –ö—É–ª–æ–Ω–∞
                                                  . –ù–∞–ø—Ä—è–∂–µ–Ω–Ω–æ—Å—Ç...

You may provide a definition with
\DeclareUnicodeCharacter 

Missing character: There is no . in font nullfont!

! Package inputenc Error: Unicode character –ù (U+041D)
(inputenc)                not set up for use with LaTeX.

See the inputenc package documentation for explanation.
Type  H <return>  for immediate help.
 ...                                              
                                                  
l.2 ...n{–õ–µ–∫—Ü–∏—è. –ó–∞–∫–æ–Ω –ö—É–ª–æ–Ω–∞. –ù
                                                  –∞–ø—Ä—è–∂–µ–Ω–Ω–æ—Å—Ç—å —...

You may provide a definition with
\DeclareUnicodeCharacter 


! Package inputenc Error: Unicode character –∞ (U+0430)
(inputenc)                not set up for use with LaTeX.

See the inputenc package documentation for explanation.
Type  H <return>  for immediate help.
 ...                                              
                                                  
l.2 ...–õ–µ–∫—Ü–∏—è. –ó–∞–∫–æ–Ω –ö—É–ª–æ–Ω–∞. –ù–∞
                                                  –ø—Ä—è–∂–µ–Ω–Ω–æ—Å—Ç—å —ç–...

You may provide a definition with
\DeclareUnicodeCharacter 


! Package inputenc Error: Unicode character –ø (U+043F)
(inputenc)                not set up for use with LaTeX.

See the inputenc package documentation for explanation.
Type  H <return>  for immediate help.
 ...                                              
                                                  
l.2 ...–µ–∫—Ü–∏—è. –ó–∞–∫–æ–Ω –ö—É–ª–æ–Ω–∞. –ù–∞–ø
                                                  —Ä—è–∂–µ–Ω–Ω–æ—Å—Ç—å —ç–ª–...

You may provide a definition with
\DeclareUnicodeCharacter 


! Package inputenc Error: Unicode character —Ä (U+0440)
(inputenc)                not set up for use with LaTeX.

See the inputenc package documentation for explanation.
Type  H <return>  for immediate help.
 ...                                              
                                                  
l.2 ...–∫—Ü–∏—è. –ó–∞–∫–æ–Ω –ö—É–ª–æ–Ω–∞. –ù–∞–ø—Ä
                                                  —è–∂–µ–Ω–Ω–æ—Å—Ç—å —ç–ª–µ–...

You may provide a definition with
\DeclareUnicodeCharacter 


! Package inputenc Error: Unicode character —è (U+044F)
(inputenc)                not set up for use with LaTeX.

See the inputenc package documentation for explanation.
Type  H <return>  for immediate help.
 ...                                              
                                                  
l.2 ...—Ü–∏—è. –ó–∞–∫–æ–Ω –ö—É–ª–æ–Ω–∞. –ù–∞–ø—Ä—è
                                                  –∂–µ–Ω–Ω–æ—Å—Ç—å —ç–ª–µ–∫—...

You may provide a definition with
\DeclareUnicodeCharacter 


! Package inputenc Error: Unicode character –∂ (U+0436)
(inputenc)                not set up for use with LaTeX.

See the inputenc package documentation for explanation.
Type  H <return>  for immediate help.
 ...                                              
                                                  
l.2 ...–∏—è. –ó–∞–∫–æ–Ω –ö—É–ª–æ–Ω–∞. –ù–∞–ø—Ä—è–∂
                                                  –µ–Ω–Ω–æ—Å—Ç—å —ç–ª–µ–∫—Ç—...

You may provide a definition with
\DeclareUnicodeCharacter 


! Package inputenc Error: Unicode character –µ (U+0435)
(inputenc)                not set up for use with LaTeX.

See the inputenc package documentation for explanation.
Type  H <return>  for immediate help.
 ...                                              
                                                  
l.2 ...—è. –ó–∞–∫–æ–Ω –ö—É–ª–æ–Ω–∞. –ù–∞–ø—Ä—è–∂–µ
                                                  –Ω–Ω–æ—Å—Ç—å —ç–ª–µ–∫—Ç—Ä–...

You may provide a definition with
\DeclareUnicodeCharacter 


! Package inputenc Error: Unicode character –Ω (U+043D)
(inputenc)                not set up for use with LaTeX.

See the inputenc package documentation for explanation.
Type  H <return>  for immediate help.
 ...                                              
                                                  
l.2 .... –ó–∞–∫–æ–Ω –ö—É–ª–æ–Ω–∞. –ù–∞–ø—Ä—è–∂–µ–Ω
                                                  –Ω–æ—Å—Ç—å —ç–ª–µ–∫—Ç—Ä–∏—...

You may provide a definition with
\DeclareUnicodeCharacter 


! Package inputenc Error: Unicode character –Ω (U+043D)
(inputenc)                not set up for use with LaTeX.

See the inputenc package documentation for explanation.
Type  H <return>  for immediate help.
 ...                                              
                                                  
l.2 ...–ó–∞–∫–æ–Ω –ö—É–ª–æ–Ω–∞. –ù–∞–ø—Ä—è–∂–µ–Ω–Ω
                                                  –æ—Å—Ç—å —ç–ª–µ–∫—Ç—Ä–∏—á–...

You may provide a definition with
\DeclareUnicodeCharacter 


! Package inputenc Error: Unicode character –æ (U+043E)
(inputenc)                not set up for use with LaTeX.

See the inputenc package documentation for explanation.
Type  H <return>  for immediate help.
 ...                                              
                                                  
l.2 ...–∞–∫–æ–Ω –ö—É–ª–æ–Ω–∞. –ù–∞–ø—Ä—è–∂–µ–Ω–Ω–æ
                                                  —Å—Ç—å —ç–ª–µ–∫—Ç—Ä–∏—á–µ—...

You may provide a definition with
\DeclareUnicodeCharacter 


! Package inputenc Error: Unicode character —Å (U+0441)
(inputenc)                not set up for use with LaTeX.

See the inputenc package documentation for explanation.
Type  H <return>  for immediate help.
 ...                                              
                                                  
l.2 ...–∫–æ–Ω –ö—É–ª–æ–Ω–∞. –ù–∞–ø—Ä—è–∂–µ–Ω–Ω–æ—Å
                                                  —Ç—å —ç–ª–µ–∫—Ç—Ä–∏—á–µ—Å–...

You may provide a definition with
\DeclareUnicodeCharacter 


! Package inputenc Error: Unicode character —Ç (U+0442)
(inputenc)                not set up for use with LaTeX.

See the inputenc package documentation for explanation.
Type  H <return>  for immediate help.
 ...                                              
                                                  
l.2 ...–æ–Ω –ö—É–ª–æ–Ω–∞. –ù–∞–ø—Ä—è–∂–µ–Ω–Ω–æ—Å—Ç
                                                  —å —ç–ª–µ–∫—Ç—Ä–∏—á–µ—Å–∫–...

You may provide a definition with
\DeclareUnicodeCharacter 


! Package inputenc Error: Unicode character —å (U+044C)
(inputenc)                not set up for use with LaTeX.

See the inputenc package documentation for explanation.
Type  H <return>  for immediate help.
 ...                                              
                                                  
l.2 ...–Ω –ö—É–ª–æ–Ω–∞. –ù–∞–ø—Ä—è–∂–µ–Ω–Ω–æ—Å—Ç—å
                                                   —ç–ª–µ–∫—Ç—Ä–∏—á–µ—Å–∫–æ–...

You may provide a definition with
\DeclareUnicodeCharacter 


! Package inputenc Error: Unicode character —ç (U+044D)
(inputenc)                not set up for use with LaTeX.

See the inputenc package documentation for explanation.
Type  H <return>  for immediate help.
 ...                                              
                                                  
l.2 ...–ö—É–ª–æ–Ω–∞. –ù–∞–ø—Ä—è–∂–µ–Ω–Ω–æ—Å—Ç—å —ç
                                                  –ª–µ–∫—Ç—Ä–∏—á–µ—Å–∫–æ–≥–æ...

You may provide a definition with
\DeclareUnicodeCharacter 


! Package inputenc Error: Unicode character –ª (U+043B)
(inputenc)                not set up for use with LaTeX.

See the inputenc package documentation for explanation.
Type  H <return>  for immediate help.
 ...                                              
                                                  
l.2 ...—É–ª–æ–Ω–∞. –ù–∞–ø—Ä—è–∂–µ–Ω–Ω–æ—Å—Ç—å —ç–ª
                                                  –µ–∫—Ç—Ä–∏—á–µ—Å–∫–æ–≥–æ –...

You may provide a definition with
\DeclareUnicodeCharacter 


! Package inputenc Error: Unicode character –µ (U+0435)
(inputenc)                not set up for use with LaTeX.

See the inputenc package documentation for explanation.
Type  H <return>  for immediate help.
 ...                                              
                                                  
l.2 ...–ª–æ–Ω–∞. –ù–∞–ø—Ä—è–∂–µ–Ω–Ω–æ—Å—Ç—å —ç–ª–µ
                                                  –∫—Ç—Ä–∏—á–µ—Å–∫–æ–≥–æ –ø–...

You may provide a definition with
\DeclareUnicodeCharacter 


! Package inputenc Error: Unicode character –∫ (U+043A)
(inputenc)                not set up for use with LaTeX.

See the inputenc package documentation for explanation.
Type  H <return>  for immediate help.
 ...                                              
                                                  
l.2 ...–æ–Ω–∞. –ù–∞–ø—Ä—è–∂–µ–Ω–Ω–æ—Å—Ç—å —ç–ª–µ–∫
                                                  —Ç—Ä–∏—á–µ—Å–∫–æ–≥–æ –ø–æ–...

You may provide a definition with
\DeclareUnicodeCharacter 


! Package inputenc Error: Unicode character —Ç (U+0442)
(inputenc)                not set up for use with LaTeX.

See the inputenc package documentation for explanation.
Type  H <return>  for immediate help.
 ...                                              
                                                  
l.2 ...–Ω–∞. –ù–∞–ø—Ä—è–∂–µ–Ω–Ω–æ—Å—Ç—å —ç–ª–µ–∫—Ç
                                                  —Ä–∏—á–µ—Å–∫–æ–≥–æ –ø–æ–ª—...

You may provide a definition with
\DeclareUnicodeCharacter 


! Package inputenc Error: Unicode character —Ä (U+0440)
(inputenc)                not set up for use with LaTeX.

See the inputenc package documentation for explanation.
Type  H <return>  for immediate help.
 ...                                              
                                                  
l.2 ...–∞. –ù–∞–ø—Ä—è–∂–µ–Ω–Ω–æ—Å—Ç—å —ç–ª–µ–∫—Ç—Ä
                                                  –∏—á–µ—Å–∫–æ–≥–æ –ø–æ–ª—è....

You may provide a definition with
\DeclareUnicodeCharacter 


! Package inputenc Error: Unicode character –∏ (U+0438)
(inputenc)                not set up for use with LaTeX.

See the inputenc package documentation for explanation.
Type  H <return>  for immediate help.
 ...                                              
                                                  
l.2 .... –ù–∞–ø—Ä—è–∂–µ–Ω–Ω–æ—Å—Ç—å —ç–ª–µ–∫—Ç—Ä–∏
                                                  —á–µ—Å–∫–æ–≥–æ –ø–æ–ª—è. –...

You may provide a definition with
\DeclareUnicodeCharacter 


! Package inputenc Error: Unicode character —á (U+0447)
(inputenc)                not set up for use with LaTeX.

See the inputenc package documentation for explanation.
Type  H <return>  for immediate help.
 ...                                              
                                                  
l.2 ...–ù–∞–ø—Ä—è–∂–µ–Ω–Ω–æ—Å—Ç—å —ç–ª–µ–∫—Ç—Ä–∏—á
                                                  –µ—Å–∫–æ–≥–æ –ø–æ–ª—è. –î–...

You may provide a definition with
\DeclareUnicodeCharacter 


! Package inputenc Error: Unicode character –µ (U+0435)
(inputenc)                not set up for use with LaTeX.

See the inputenc package documentation for explanation.
Type  H <return>  for immediate help.
 ...                                              
                                                  
l.2 ...–∞–ø—Ä—è–∂–µ–Ω–Ω–æ—Å—Ç—å —ç–ª–µ–∫—Ç—Ä–∏—á–µ
                                                  —Å–∫–æ–≥–æ –ø–æ–ª—è. –î–∏–...

You may provide a definition with
\DeclareUnicodeCharacter 


! Package inputenc Error: Unicode character —Å (U+0441)
(inputenc)                not set up for use with LaTeX.

See the inputenc package documentation for explanation.
Type  H <return>  for immediate help.
 ...                                              
                                                  
l.2 ...–ø—Ä—è–∂–µ–Ω–Ω–æ—Å—Ç—å —ç–ª–µ–∫—Ç—Ä–∏—á–µ—Å
                                                  –∫–æ–≥–æ –ø–æ–ª—è. –î–∏–ø–...

You may provide a definition with
\DeclareUnicodeCharacter 


! Package inputenc Error: Unicode character –∫ (U+043A)
(inputenc)                not set up for use with LaTeX.

See the inputenc package documentation for explanation.
Type  H <return>  for immediate help.
 ...                                              
                                                  
l.2 ...—Ä—è–∂–µ–Ω–Ω–æ—Å—Ç—å —ç–ª–µ–∫—Ç—Ä–∏—á–µ—Å–∫
                                                  –æ–≥–æ –ø–æ–ª—è. –î–∏–ø–æ–...

You may provide a definition with
\DeclareUnicodeCharacter 


! Package inputenc Error: Unicode character –æ (U+043E)
(inputenc)                not set up for use with LaTeX.

See the inputenc package documentation for explanation.
Type  H <return>  for immediate help.
 ...                                              
                                                  
l.2 ...—è–∂–µ–Ω–Ω–æ—Å—Ç—å —ç–ª–µ–∫—Ç—Ä–∏—á–µ—Å–∫–æ
                                                  –≥–æ –ø–æ–ª—è. –î–∏–ø–æ–ª—...

You may provide a definition with
\DeclareUnicodeCharacter 


! Package inputenc Error: Unicode character –≥ (U+0433)
(inputenc)                not set up for use with LaTeX.

See the inputenc package documentation for explanation.
Type  H <return>  for immediate help.
 ...                                              
                                                  
l.2 ...–∂–µ–Ω–Ω–æ—Å—Ç—å —ç–ª–µ–∫—Ç—Ä–∏—á–µ—Å–∫–æ–≥
                                                  –æ –ø–æ–ª—è. –î–∏–ø–æ–ª—å....

You may provide a definition with
\DeclareUnicodeCharacter 


! Package inputenc Error: Unicode character –æ (U+043E)
(inputenc)                not set up for use with LaTeX.

See the inputenc package documentation for explanation.
Type  H <return>  for immediate help.
 ...                                              
                                                  
l.2 ...–µ–Ω–Ω–æ—Å—Ç—å —ç–ª–µ–∫—Ç—Ä–∏—á–µ—Å–∫–æ–≥–æ
                                                   –ø–æ–ª—è. –î–∏–ø–æ–ª—å. –...

You may provide a definition with
\DeclareUnicodeCharacter 


! Package inputenc Error: Unicode character –ø (U+043F)
(inputenc)                not set up for use with LaTeX.

See the inputenc package documentation for explanation.
Type  H <return>  for immediate help.
 ...                                              
                                                  
l.2 ...Ω–Ω–æ—Å—Ç—å —ç–ª–µ–∫—Ç—Ä–∏—á–µ—Å–∫–æ–≥–æ –ø
                                                  –æ–ª—è. –î–∏–ø–æ–ª—å. –¢–µ...

You may provide a definition with
\DeclareUnicodeCharacter 


! Package inputenc Error: Unicode character –æ (U+043E)
(inputenc)                not set up for use with LaTeX.

See the inputenc package documentation for explanation.
Type  H <return>  for immediate help.
 ...                                              
                                                  
l.2 ...Ω–æ—Å—Ç—å —ç–ª–µ–∫—Ç—Ä–∏—á–µ—Å–∫–æ–≥–æ –ø–æ
                                                  –ª—è. –î–∏–ø–æ–ª—å. –¢–µ–æ...

You may provide a definition with
\DeclareUnicodeCharacter 


! Package inputenc Error: Unicode character –ª (U+043B)
(inputenc)                not set up for use with LaTeX.

See the inputenc package documentation for explanation.
Type  H <return>  for immediate help.
 ...                                              
                                                  
l.2 ...æ—Å—Ç—å —ç–ª–µ–∫—Ç—Ä–∏—á–µ—Å–∫–æ–≥–æ –ø–æ–ª
                                                  —è. –î–∏–ø–æ–ª—å. –¢–µ–æ—Ä...

You may provide a definition with
\DeclareUnicodeCharacter 


! Package inputenc Error: Unicode character —è (U+044F)
(inputenc)                not set up for use with LaTeX.

See the inputenc package documentation for explanation.
Type  H <return>  for immediate help.
 ...                                              
                                                  
l.2 ...Å—Ç—å —ç–ª–µ–∫—Ç—Ä–∏—á–µ—Å–∫–æ–≥–æ –ø–æ–ª—è
                                                  . –î–∏–ø–æ–ª—å. –¢–µ–æ—Ä–µ...

You may provide a definition with
\DeclareUnicodeCharacter 

Missing character: There is no . in font nullfont!

! Package inputenc Error: Unicode character –î (U+0414)
(inputenc)                not set up for use with LaTeX.

See the inputenc package documentation for explanation.
Type  H <return>  for immediate help.
 ...                                              
                                                  
l.2 ...å —ç–ª–µ–∫—Ç—Ä–∏—á–µ—Å–∫–æ–≥–æ –ø–æ–ª—è. –î
                                                  –∏–ø–æ–ª—å. –¢–µ–æ—Ä–µ–º–∞...

You may provide a definition with
\DeclareUnicodeCharacter 


! Package inputenc Error: Unicode character –∏ (U+0438)
(inputenc)                not set up for use with LaTeX.

See the inputenc package documentation for explanation.
Type  H <return>  for immediate help.
 ...                                              
                                                  
l.2 ...—ç–ª–µ–∫—Ç—Ä–∏—á–µ—Å–∫–æ–≥–æ –ø–æ–ª—è. –î–∏
                                                  –ø–æ–ª—å. –¢–µ–æ—Ä–µ–º–∞ –...

You may provide a definition with
\DeclareUnicodeCharacter 


! Package inputenc Error: Unicode character –ø (U+043F)
(inputenc)                not set up for use with LaTeX.

See the inputenc package documentation for explanation.
Type  H <return>  for immediate help.
 ...                                              
                                                  
l.2 ...–ª–µ–∫—Ç—Ä–∏—á–µ—Å–∫–æ–≥–æ –ø–æ–ª—è. –î–∏–ø
                                                  –æ–ª—å. –¢–µ–æ—Ä–µ–º–∞ –ì–...

You may provide a definition with
\DeclareUnicodeCharacter 


! Package inputenc Error: Unicode character –æ (U+043E)
(inputenc)                not set up for use with LaTeX.

See the inputenc package documentation for explanation.
Type  H <return>  for immediate help.
 ...                                              
                                                  
l.2 ...–µ–∫—Ç—Ä–∏—á–µ—Å–∫–æ–≥–æ –ø–æ–ª—è. –î–∏–ø–æ
                                                  –ª—å. –¢–µ–æ—Ä–µ–º–∞ –ì–∞—...

You may provide a definition with
\DeclareUnicodeCharacter 


! Package inputenc Error: Unicode character –ª (U+043B)
(inputenc)                not set up for use with LaTeX.

See the inputenc package documentation for explanation.
Type  H <return>  for immediate help.
 ...                                              
                                                  
l.2 ...–∫—Ç—Ä–∏—á–µ—Å–∫–æ–≥–æ –ø–æ–ª—è. –î–∏–ø–æ–ª
                                                  —å. –¢–µ–æ—Ä–µ–º–∞ –ì–∞—É—...

You may provide a definition with
\DeclareUnicodeCharacter 


! Package inputenc Error: Unicode character —å (U+044C)
(inputenc)                not set up for use with LaTeX.

See the inputenc package documentation for explanation.
Type  H <return>  for immediate help.
 ...                                              
                                                  
l.2 ...—Ç—Ä–∏—á–µ—Å–∫–æ–≥–æ –ø–æ–ª—è. –î–∏–ø–æ–ª—å
                                                  . –¢–µ–æ—Ä–µ–º–∞ –ì–∞—É—Å—...

You may provide a definition with
\DeclareUnicodeCharacter 

Missing character: There is no . in font nullfont!

! Package inputenc Error: Unicode character –¢ (U+0422)
(inputenc)                not set up for use with LaTeX.

See the inputenc package documentation for explanation.
Type  H <return>  for immediate help.
 ...                                              
                                                  
l.2 ...–∏—á–µ—Å–∫–æ–≥–æ –ø–æ–ª—è. –î–∏–ø–æ–ª—å. –¢
                                                  –µ–æ—Ä–µ–º–∞ –ì–∞—É—Å—Å–∞}
You may provide a definition with
\DeclareUnicodeCharacter 


! Package inputenc Error: Unicode character –µ (U+0435)
(inputenc)                not set up for use with LaTeX.

See the inputenc package documentation for explanation.
Type  H <return>  for immediate help.
 ...                                              
                                                  
l.2 ...—á–µ—Å–∫–æ–≥–æ –ø–æ–ª—è. –î–∏–ø–æ–ª—å. –¢–µ
                                                  –æ—Ä–µ–º–∞ –ì–∞—É—Å—Å–∞}
You may provide a definition with
\DeclareUnicodeCharacter 


! Package inputenc Error: Unicode character –æ (U+043E)
(inputenc)                not set up for use with LaTeX.

See the inputenc package documentation for explanation.
Type  H <return>  for immediate help.
 ...                                              
                                                  
l.2 ...–µ—Å–∫–æ–≥–æ –ø–æ–ª—è. –î–∏–ø–æ–ª—å. –¢–µ–æ
                                                  —Ä–µ–º–∞ –ì–∞—É—Å—Å–∞}
You may provide a definition with
\DeclareUnicodeCharacter 


! Package inputenc Error: Unicode character —Ä (U+0440)
(inputenc)                not set up for use with LaTeX.

See the inputenc package documentation for explanation.
Type  H <return>  for immediate help.
 ...                                              
                                                  
l.2 ...—Å–∫–æ–≥–æ –ø–æ–ª—è. –î–∏–ø–æ–ª—å. –¢–µ–æ—Ä
                                                  –µ–º–∞ –ì–∞—É—Å—Å–∞}
You may provide a definition with
\DeclareUnicodeCharacter 


! Package inputenc Error: Unicode character –µ (U+0435)
(inputenc)                not set up for use with LaTeX.

See the inputenc package documentation for explanation.
Type  H <return>  for immediate help.
 ...                                              
                                                  
l.2 ...–∫–æ–≥–æ –ø–æ–ª—è. –î–∏–ø–æ–ª—å. –¢–µ–æ—Ä–µ
                                                  –º–∞ –ì–∞—É—Å—Å–∞}
You may provide a definition with
\DeclareUnicodeCharacter 


! Package inputenc Error: Unicode character –º (U+043C)
(inputenc)                not set up for use with LaTeX.

See the inputenc package documentation for explanation.
Type  H <return>  for immediate help.
 ...                                              
                                                  
l.2 ...–æ–≥–æ –ø–æ–ª—è. –î–∏–ø–æ–ª—å. –¢–µ–æ—Ä–µ–º
                                                  –∞ –ì–∞—É—Å—Å–∞}
You may provide a definition with
\DeclareUnicodeCharacter 


! Package inputenc Error: Unicode character –∞ (U+0430)
(inputenc)                not set up for use with LaTeX.

See the inputenc package documentation for explanation.
Type  H <return>  for immediate help.
 ...                                              
                                                  
l.2 ...–≥–æ –ø–æ–ª—è. –î–∏–ø–æ–ª—å. –¢–µ–æ—Ä–µ–º–∞
                                                   –ì–∞—É—Å—Å–∞}
You may provide a definition with
\DeclareUnicodeCharacter 


! Package inputenc Error: Unicode character –ì (U+0413)
(inputenc)                not set up for use with LaTeX.

See the inputenc package documentation for explanation.
Type  H <return>  for immediate help.
 ...                                              
                                                  
l.2 ...æ –ø–æ–ª—è. –î–∏–ø–æ–ª—å. –¢–µ–æ—Ä–µ–º–∞ –ì
                                                  –∞—É—Å—Å–∞}
You may provide a definition with
\DeclareUnicodeCharacter 


! Package inputenc Error: Unicode character –∞ (U+0430)
(inputenc)                not set up for use with LaTeX.

See the inputenc package documentation for explanation.
Type  H <return>  for immediate help.
 ...                                              
                                                  
l.2 ...–ø–æ–ª—è. –î–∏–ø–æ–ª—å. –¢–µ–æ—Ä–µ–º–∞ –ì–∞
                                                  —É—Å—Å–∞}
You may provide a definition with
\DeclareUnicodeCharacter 


! Package inputenc Error: Unicode character —É (U+0443)
(inputenc)                not set up for use with LaTeX.

See the inputenc package documentation for explanation.
Type  H <return>  for immediate help.
 ...                                              
                                                  
l.2 ...–æ–ª—è. –î–∏–ø–æ–ª—å. –¢–µ–æ—Ä–µ–º–∞ –ì–∞—É
                                                  —Å—Å–∞}
You may provide a definition with
\DeclareUnicodeCharacter 


! Package inputenc Error: Unicode character —Å (U+0441)
(inputenc)                not set up for use with LaTeX.

See the inputenc package documentation for explanation.
Type  H <return>  for immediate help.
 ...                                              
                                                  
l.2 ...–ª—è. –î–∏–ø–æ–ª—å. –¢–µ–æ—Ä–µ–º–∞ –ì–∞—É—Å
                                                  —Å–∞}
You may provide a definition with
\DeclareUnicodeCharacter 


! Package inputenc Error: Unicode character —Å (U+0441)
(inputenc)                not set up for use with LaTeX.

See the inputenc package documentation for explanation.
Type  H <return>  for immediate help.
 ...                                              
                                                  
l.2 ...—è. –î–∏–ø–æ–ª—å. –¢–µ–æ—Ä–µ–º–∞ –ì–∞—É—Å—Å
                                                  –∞}
You may provide a definition with
\DeclareUnicodeCharacter 


! Package inputenc Error: Unicode character –∞ (U+0430)
(inputenc)                not set up for use with LaTeX.

See the inputenc package documentation for explanation.
Type  H <return>  for immediate help.
 ...                                              
                                                  
l.2 .... –î–∏–ø–æ–ª—å. –¢–µ–æ—Ä–µ–º–∞ –ì–∞—É—Å—Å–∞
                                                  }
You may provide a definition with
\DeclareUnicodeCharacter 

! Undefined control sequence.
l.3 \subsection
               {–í–≤–µ–¥–µ–Ω–∏–µ}
The control sequence at the end of the top line
of your error message was never \def'ed. If you have
misspelled it (e.g., `\hobx'), type `I' and the correct
spelling (e.g., `I\hbox'). Otherwise just continue,
and I'll forget about whatever was undefined.


! Package inputenc Error: Unicode character –í (U+0412)
(inputenc)                not set up for use with LaTeX.

See the inputenc package documentation for explanation.
Type  H <return>  for immediate help.
 ...                                              
                                                  
l.3 \subsection{–í
                  –≤–µ–¥–µ–Ω–∏–µ}
You may provide a definition with
\DeclareUnicodeCharacter 


! Package inputenc Error: Unicode character –≤ (U+0432)
(inputenc)                not set up for use with LaTeX.

See the inputenc package documentation for explanation.
Type  H <return>  for immediate help.
 ...                                              
                                                  
l.3 \subsection{–í–≤
                    –µ–¥–µ–Ω–∏–µ}
You may provide a definition with
\DeclareUnicodeCharacter 


! Package inputenc Error: Unicode character –µ (U+0435)
(inputenc)                not set up for use with LaTeX.

See the inputenc package documentation for explanation.
Type  H <return>  for immediate help.
 ...                                              
                                                  
l.3 \subsection{–í–≤–µ
                      –¥–µ–Ω–∏–µ}
You may provide a definition with
\DeclareUnicodeCharacter 


! Package inputenc Error: Unicode character –¥ (U+0434)
(inputenc)                not set up for use with LaTeX.

See the inputenc package documentation for explanation.
Type  H <return>  for immediate help.
 ...                                              
                                                  
l.3 \subsection{–í–≤–µ–¥
                        –µ–Ω–∏–µ}
You may provide a definition with
\DeclareUnicodeCharacter 


! Package inputenc Error: Unicode character –µ (U+0435)
(inputenc)                not set up for use with LaTeX.

See the inputenc package documentation for explanation.
Type  H <return>  for immediate help.
 ...                                              
                                                  
l.3 \subsection{–í–≤–µ–¥–µ
                          –Ω–∏–µ}
You may provide a definition with
\DeclareUnicodeCharacter 


! Package inputenc Error: Unicode character –Ω (U+043D)
(inputenc)                not set up for use with LaTeX.

See the inputenc package documentation for explanation.
Type  H <return>  for immediate help.
 ...                                              
                                                  
l.3 \subsection{–í–≤–µ–¥–µ–Ω
                            –∏–µ}
You may provide a definition with
\DeclareUnicodeCharacter 


! Package inputenc Error: Unicode character –∏ (U+0438)
(inputenc)                not set up for use with LaTeX.

See the inputenc package documentation for explanation.
Type  H <return>  for immediate help.
 ...                                              
                                                  
l.3 \subsection{–í–≤–µ–¥–µ–Ω–∏
                              –µ}
You may provide a definition with
\DeclareUnicodeCharacter 


! Package inputenc Error: Unicode character –µ (U+0435)
(inputenc)                not set up for use with LaTeX.

See the inputenc package documentation for explanation.
Type  H <return>  for immediate help.
 ...                                              
                                                  
l.3 \subsection{–í–≤–µ–¥–µ–Ω–∏–µ
                                }
You may provide a definition with
\DeclareUnicodeCharacter 

Missing character: There is no 3 in font nullfont!

! Package inputenc Error: Unicode character —Å (U+0441)
(inputenc)                not set up for use with LaTeX.

See the inputenc package documentation for explanation.
Type  H <return>  for immediate help.
 ...                                              
                                                  
l.4 3 —Å
        –µ–º–µ—Å—Ç—Ä –±—É–¥–µ—Ç –ø–æ—Å–≤—è—â–µ–Ω —ç–ª–µ–∫—Ç—Ä–æ–º–∞–≥–Ω–∏—Ç–...

You may provide a definition with
\DeclareUnicodeCharacter 


! Package inputenc Error: Unicode character –µ (U+0435)
(inputenc)                not set up for use with LaTeX.

See the inputenc package documentation for explanation.
Type  H <return>  for immediate help.
 ...                                              
                                                  
l.4 3 —Å–µ
          –º–µ—Å—Ç—Ä –±—É–¥–µ—Ç –ø–æ—Å–≤—è—â–µ–Ω —ç–ª–µ–∫—Ç—Ä–æ–º–∞–≥–Ω–∏—Ç–...

You may provide a definition with
\DeclareUnicodeCharacter 


! Package inputenc Error: Unicode character –º (U+043C)
(inputenc)                not set up for use with LaTeX.

See the inputenc package documentation for explanation.
Type  H <return>  for immediate help.
 ...                                              
                                                  
l.4 3 —Å–µ–º
            –µ—Å—Ç—Ä –±—É–¥–µ—Ç –ø–æ—Å–≤—è—â–µ–Ω —ç–ª–µ–∫—Ç—Ä–æ–º–∞–≥–Ω–∏—Ç–...

You may provide a definition with
\DeclareUnicodeCharacter 


! Package inputenc Error: Unicode character –µ (U+0435)
(inputenc)                not set up for use with LaTeX.

See the inputenc package documentation for explanation.
Type  H <return>  for immediate help.
 ...                                              
                                                  
l.4 3 —Å–µ–º–µ
              —Å—Ç—Ä –±—É–¥–µ—Ç –ø–æ—Å–≤—è—â–µ–Ω —ç–ª–µ–∫—Ç—Ä–æ–º–∞–≥–Ω–∏—Ç–...

You may provide a definition with
\DeclareUnicodeCharacter 


! Package inputenc Error: Unicode character —Å (U+0441)
(inputenc)                not set up for use with LaTeX.

See the inputenc package documentation for explanation.
Type  H <return>  for immediate help.
 ...                                              
                                                  
l.4 3 —Å–µ–º–µ—Å
                —Ç—Ä –±—É–¥–µ—Ç –ø–æ—Å–≤—è—â–µ–Ω —ç–ª–µ–∫—Ç—Ä–æ–º–∞–≥–Ω–∏—Ç–...

You may provide a definition with
\DeclareUnicodeCharacter 


! Package inputenc Error: Unicode character —Ç (U+0442)
(inputenc)                not set up for use with LaTeX.

See the inputenc package documentation for explanation.
Type  H <return>  for immediate help.
 ...                                              
                                                  
l.4 3 —Å–µ–º–µ—Å—Ç
                  —Ä –±—É–¥–µ—Ç –ø–æ—Å–≤—è—â–µ–Ω —ç–ª–µ–∫—Ç—Ä–æ–º–∞–≥–Ω–∏—Ç–...

You may provide a definition with
\DeclareUnicodeCharacter 


! Package inputenc Error: Unicode character —Ä (U+0440)
(inputenc)                not set up for use with LaTeX.

See the inputenc package documentation for explanation.
Type  H <return>  for immediate help.
 ...                                              
                                                  
l.4 3 —Å–µ–º–µ—Å—Ç—Ä
                     –±—É–¥–µ—Ç –ø–æ—Å–≤—è—â–µ–Ω —ç–ª–µ–∫—Ç—Ä–æ–º–∞–≥–Ω–∏—Ç–...

You may provide a definition with
\DeclareUnicodeCharacter 


! Package inputenc Error: Unicode character –± (U+0431)
(inputenc)                not set up for use with LaTeX.

See the inputenc package documentation for explanation.
Type  H <return>  for immediate help.
 ...                                              
                                                  
l.4 3 —Å–µ–º–µ—Å—Ç—Ä –±
                       —É–¥–µ—Ç –ø–æ—Å–≤—è—â–µ–Ω —ç–ª–µ–∫—Ç—Ä–æ–º–∞–≥–Ω–∏—Ç–...

You may provide a definition with
\DeclareUnicodeCharacter 


! Package inputenc Error: Unicode character —É (U+0443)
(inputenc)                not set up for use with LaTeX.

See the inputenc package documentation for explanation.
Type  H <return>  for immediate help.
 ...                                              
                                                  
l.4 3 —Å–µ–º–µ—Å—Ç—Ä –±—É
                         –¥–µ—Ç –ø–æ—Å–≤—è—â–µ–Ω —ç–ª–µ–∫—Ç—Ä–æ–º–∞–≥–Ω–∏—Ç–...

You may provide a definition with
\DeclareUnicodeCharacter 


! Package inputenc Error: Unicode character –¥ (U+0434)
(inputenc)                not set up for use with LaTeX.

See the inputenc package documentation for explanation.
Type  H <return>  for immediate help.
 ...                                              
                                                  
l.4 3 —Å–µ–º–µ—Å—Ç—Ä –±—É–¥
                           –µ—Ç –ø–æ—Å–≤—è—â–µ–Ω —ç–ª–µ–∫—Ç—Ä–æ–º–∞–≥–Ω–∏—Ç–...

You may provide a definition with
\DeclareUnicodeCharacter 


! Package inputenc Error: Unicode character –µ (U+0435)
(inputenc)                not set up for use with LaTeX.

See the inputenc package documentation for explanation.
Type  H <return>  for immediate help.
 ...                                              
                                                  
l.4 3 —Å–µ–º–µ—Å—Ç—Ä –±—É–¥–µ
                             —Ç –ø–æ—Å–≤—è—â–µ–Ω —ç–ª–µ–∫—Ç—Ä–æ–º–∞–≥–Ω–∏—Ç–...

You may provide a definition with
\DeclareUnicodeCharacter 


! Package inputenc Error: Unicode character —Ç (U+0442)
(inputenc)                not set up for use with LaTeX.

See the inputenc package documentation for explanation.
Type  H <return>  for immediate help.
 ...                                              
                                                  
l.4 3 —Å–µ–º–µ—Å—Ç—Ä –±—É–¥–µ—Ç
                                –ø–æ—Å–≤—è—â–µ–Ω —ç–ª–µ–∫—Ç—Ä–æ–º–∞–≥–Ω–∏—Ç–...

You may provide a definition with
\DeclareUnicodeCharacter 


! Package inputenc Error: Unicode character –ø (U+043F)
(inputenc)                not set up for use with LaTeX.

See the inputenc package documentation for explanation.
Type  H <return>  for immediate help.
 ...                                              
                                                  
l.4 3 —Å–µ–º–µ—Å—Ç—Ä –±—É–¥–µ—Ç –ø
                                  –æ—Å–≤—è—â–µ–Ω —ç–ª–µ–∫—Ç—Ä–æ–º–∞–≥–Ω–∏—Ç–...

You may provide a definition with
\DeclareUnicodeCharacter 


! Package inputenc Error: Unicode character –æ (U+043E)
(inputenc)                not set up for use with LaTeX.

See the inputenc package documentation for explanation.
Type  H <return>  for immediate help.
 ...                                              
                                                  
l.4 3 —Å–µ–º–µ—Å—Ç—Ä –±—É–¥–µ—Ç –ø–æ
                                    —Å–≤—è—â–µ–Ω —ç–ª–µ–∫—Ç—Ä–æ–º–∞–≥–Ω–∏—Ç–...

You may provide a definition with
\DeclareUnicodeCharacter 


! Package inputenc Error: Unicode character —Å (U+0441)
(inputenc)                not set up for use with LaTeX.

See the inputenc package documentation for explanation.
Type  H <return>  for immediate help.
 ...                                              
                                                  
l.4 3 —Å–µ–º–µ—Å—Ç—Ä –±—É–¥–µ—Ç –ø–æ—Å
                                      –≤—è—â–µ–Ω —ç–ª–µ–∫—Ç—Ä–æ–º–∞–≥–Ω–∏—Ç–...

You may provide a definition with
\DeclareUnicodeCharacter 


! Package inputenc Error: Unicode character –≤ (U+0432)
(inputenc)                not set up for use with LaTeX.

See the inputenc package documentation for explanation.
Type  H <return>  for immediate help.
 ...                                              
                                                  
l.4 3 —Å–µ–º–µ—Å—Ç—Ä –±—É–¥–µ—Ç –ø–æ—Å–≤
                                        —è—â–µ–Ω —ç–ª–µ–∫—Ç—Ä–æ–º–∞–≥–Ω–∏—Ç–...

You may provide a definition with
\DeclareUnicodeCharacter 


! Package inputenc Error: Unicode character —è (U+044F)
(inputenc)                not set up for use with LaTeX.

See the inputenc package documentation for explanation.
Type  H <return>  for immediate help.
 ...                                              
                                                  
l.4 3 —Å–µ–º–µ—Å—Ç—Ä –±—É–¥–µ—Ç –ø–æ—Å–≤—è
                                          —â–µ–Ω —ç–ª–µ–∫—Ç—Ä–æ–º–∞–≥–Ω–∏—Ç–...

You may provide a definition with
\DeclareUnicodeCharacter 


! Package inputenc Error: Unicode character —â (U+0449)
(inputenc)                not set up for use with LaTeX.

See the inputenc package documentation for explanation.
Type  H <return>  for immediate help.
 ...                                              
                                                  
l.4 3 —Å–µ–º–µ—Å—Ç—Ä –±—É–¥–µ—Ç –ø–æ—Å–≤—è—â
                                            –µ–Ω —ç–ª–µ–∫—Ç—Ä–æ–º–∞–≥–Ω–∏—Ç–...

You may provide a definition with
\DeclareUnicodeCharacter 


! Package inputenc Error: Unicode character –µ (U+0435)
(inputenc)                not set up for use with LaTeX.

See the inputenc package documentation for explanation.
Type  H <return>  for immediate help.
 ...                                              
                                                  
l.4 3 —Å–µ–º–µ—Å—Ç—Ä –±—É–¥–µ—Ç –ø–æ—Å–≤—è—â–µ
                                              –Ω —ç–ª–µ–∫—Ç—Ä–æ–º–∞–≥–Ω–∏—Ç–...

You may provide a definition with
\DeclareUnicodeCharacter 


! Package inputenc Error: Unicode character –Ω (U+043D)
(inputenc)                not set up for use with LaTeX.

See the inputenc package documentation for explanation.
Type  H <return>  for immediate help.
 ...                                              
                                                  
l.4 3 —Å–µ–º–µ—Å—Ç—Ä –±—É–¥–µ—Ç –ø–æ—Å–≤—è—â–µ–Ω
                                                 —ç–ª–µ–∫—Ç—Ä–æ–º–∞–≥–Ω–∏—Ç–...

You may provide a definition with
\DeclareUnicodeCharacter 


! Package inputenc Error: Unicode character —ç (U+044D)
(inputenc)                not set up for use with LaTeX.

See the inputenc package documentation for explanation.
Type  H <return>  for immediate help.
 ...                                              
                                                  
l.4 ...–µ–º–µ—Å—Ç—Ä –±—É–¥–µ—Ç –ø–æ—Å–≤—è—â–µ–Ω —ç
                                                  –ª–µ–∫—Ç—Ä–æ–º–∞–≥–Ω–∏—Ç–∏...

You may provide a definition with
\DeclareUnicodeCharacter 


! Package inputenc Error: Unicode character –ª (U+043B)
(inputenc)                not set up for use with LaTeX.

See the inputenc package documentation for explanation.
Type  H <return>  for immediate help.
 ...                                              
                                                  
l.4 ...–º–µ—Å—Ç—Ä –±—É–¥–µ—Ç –ø–æ—Å–≤—è—â–µ–Ω —ç–ª
                                                  –µ–∫—Ç—Ä–æ–º–∞–≥–Ω–∏—Ç–∏–∑...
(That makes 100 errors; please try again.) 
Here is how much of TeX's memory you used:
 38 strings out of 492616
 487 string characters out of 6129481
 57705 words of memory out of 5000000
 4057 multiletter control sequences out of 15000+600000
 3640 words of font info for 14 fonts, out of 8000000 for 9000
 1141 hyphenation exceptions out of 8191
 10i,0n,10p,472b,43s stack positions out of 5000i,500n,10000p,200000b,80000s

!  ==> Fatal error occurred, no output PDF file produced!
